# JRE version: Java(TM) SE Runtime Environment (8.0_05-b13) (build 1.8.0_05-b13)
# Java VM: Java HotSpot(TM) 64-Bit Server VM (25.5-b02 mixed mode windows-amd64 compressed oops)
Heap:
 def new generation   total 109760K, used 88768K [0x00000000a2400000, 0x00000000a9b10000, 0x00000000c1800000)
  eden space 97600K,  88% used [0x00000000a2400000, 0x00000000a786abb0, 0x00000000a8350000)
  from space 12160K,  19% used [0x00000000a8350000, 0x00000000a8595488, 0x00000000a8f30000)
  to   space 12160K,   0% used [0x00000000a8f30000, 0x00000000a8f30000, 0x00000000a9b10000)
 tenured generation   total 243748K, used 211511K [0x00000000c1800000, 0x00000000d0609000, 0x0000000100000000)
   the space 243748K,  86% used [0x00000000c1800000, 0x00000000ce68ddd0, 0x00000000ce68de00, 0x00000000d0609000)
 Metaspace       used 54160K, capacity 55690K, committed 55936K, reserved 1097728K
  class space    used 7200K, capacity 7495K, committed 7552K, reserved 1048576K
GC Heap History (10 events):
Event: 3819.250 GC heap before
{Heap before GC invocations=583 (full 6):
 def new generation   total 109760K, used 106882K [0x00000000a2400000, 0x00000000a9b10000, 0x00000000c1800000)
  eden space 97600K, 100% used [0x00000000a2400000, 0x00000000a8350000, 0x00000000a8350000)
  from space 12160K,  76% used [0x00000000a8f30000, 0x00000000a9840908, 0x00000000a9b10000)
  to   space 12160K,   0% used [0x00000000a8350000, 0x00000000a8350000, 0x00000000a8f30000)
 tenured generation   total 243748K, used 193586K [0x00000000c1800000, 0x00000000d0609000, 0x0000000100000000)
   the space 243748K,  79% used [0x00000000c1800000, 0x00000000cd50c928, 0x00000000cd50ca00, 0x00000000d0609000)
 Metaspace       used 54145K, capacity 55690K, committed 55936K, reserved 1097728K
  class space    used 7200K, capacity 7495K, committed 7552K, reserved 1048576K
Event: 3819.265 GC heap after
Heap after GC invocations=584 (full 6):
 def new generation   total 109760K, used 9019K [0x00000000a2400000, 0x00000000a9b10000, 0x00000000c1800000)
  eden space 97600K,   0% used [0x00000000a2400000, 0x00000000a2400000, 0x00000000a8350000)
  from space 12160K,  74% used [0x00000000a8350000, 0x00000000a8c1efa8, 0x00000000a8f30000)
  to   space 12160K,   0% used [0x00000000a8f30000, 0x00000000a8f30000, 0x00000000a9b10000)
 tenured generation   total 243748K, used 197834K [0x00000000c1800000, 0x00000000d0609000, 0x0000000100000000)
   the space 243748K,  81% used [0x00000000c1800000, 0x00000000cd932858, 0x00000000cd932a00, 0x00000000d0609000)
 Metaspace       used 54145K, capacity 55690K, committed 55936K, reserved 1097728K
  class space    used 7200K, capacity 7495K, committed 7552K, reserved 1048576K
}
Event: 3819.354 GC heap before
{Heap before GC invocations=584 (full 6):
 def new generation   total 109760K, used 106619K [0x00000000a2400000, 0x00000000a9b10000, 0x00000000c1800000)
  eden space 97600K, 100% used [0x00000000a2400000, 0x00000000a8350000, 0x00000000a8350000)
  from space 12160K,  74% used [0x00000000a8350000, 0x00000000a8c1efa8, 0x00000000a8f30000)
  to   space 12160K,   0% used [0x00000000a8f30000, 0x00000000a8f30000, 0x00000000a9b10000)
 tenured generation   total 243748K, used 197834K [0x00000000c1800000, 0x00000000d0609000, 0x0000000100000000)
   the space 243748K,  81% used [0x00000000c1800000, 0x00000000cd932858, 0x00000000cd932a00, 0x00000000d0609000)
 Metaspace       used 54145K, capacity 55690K, committed 55936K, reserved 1097728K
  class space    used 7200K, capacity 7495K, committed 7552K, reserved 1048576K
Event: 3819.367 GC heap after
Heap after GC invocations=585 (full 6):
 def new generation   total 109760K, used 3422K [0x00000000a2400000, 0x00000000a9b10000, 0x00000000c1800000)
  eden space 97600K,   0% used [0x00000000a2400000, 0x00000000a2400000, 0x00000000a8350000)
  from space 12160K,  28% used [0x00000000a8f30000, 0x00000000a9287ab0, 0x00000000a9b10000)
  to   space 12160K,   0% used [0x00000000a8350000, 0x00000000a8350000, 0x00000000a8f30000)
 tenured generation   total 243748K, used 198600K [0x00000000c1800000, 0x00000000d0609000, 0x0000000100000000)
   the space 243748K,  81% used [0x00000000c1800000, 0x00000000cd9f2278, 0x00000000cd9f2400, 0x00000000d0609000)
 Metaspace       used 54145K, capacity 55690K, committed 55936K, reserved 1097728K
  class space    used 7200K, capacity 7495K, committed 7552K, reserved 1048576K
}
Event: 3819.427 GC heap before
{Heap before GC invocations=585 (full 6):
 def new generation   total 109760K, used 101022K [0x00000000a2400000, 0x00000000a9b10000, 0x00000000c1800000)
  eden space 97600K, 100% used [0x00000000a2400000, 0x00000000a8350000, 0x00000000a8350000)
  from space 12160K,  28% used [0x00000000a8f30000, 0x00000000a9287ab0, 0x00000000a9b10000)
  to   space 12160K,   0% used [0x00000000a8350000, 0x00000000a8350000, 0x00000000a8f30000)
 tenured generation   total 243748K, used 198600K [0x00000000c1800000, 0x00000000d0609000, 0x0000000100000000)
   the space 243748K,  81% used [0x00000000c1800000, 0x00000000cd9f2278, 0x00000000cd9f2400, 0x00000000d0609000)
 Metaspace       used 54145K, capacity 55690K, committed 55936K, reserved 1097728K
  class space    used 7200K, capacity 7495K, committed 7552K, reserved 1048576K
Event: 3819.457 GC heap after
Heap after GC invocations=586 (full 6):
 def new generation   total 109760K, used 12160K [0x00000000a2400000, 0x00000000a9b10000, 0x00000000c1800000)
  eden space 97600K,   0% used [0x00000000a2400000, 0x00000000a2400000, 0x00000000a8350000)
  from space 12160K, 100% used [0x00000000a8350000, 0x00000000a8f30000, 0x00000000a8f30000)
  to   space 12160K,   0% used [0x00000000a8f30000, 0x00000000a8f30000, 0x00000000a9b10000)
 tenured generation   total 243748K, used 199691K [0x00000000c1800000, 0x00000000d0609000, 0x0000000100000000)
   the space 243748K,  81% used [0x00000000c1800000, 0x00000000cdb02ef8, 0x00000000cdb03000, 0x00000000d0609000)
 Metaspace       used 54145K, capacity 55690K, committed 55936K, reserved 1097728K
  class space    used 7200K, capacity 7495K, committed 7552K, reserved 1048576K
}
Event: 3819.467 GC heap before
{Heap before GC invocations=586 (full 6):
 def new generation   total 109760K, used 109760K [0x00000000a2400000, 0x00000000a9b10000, 0x00000000c1800000)
  eden space 97600K, 100% used [0x00000000a2400000, 0x00000000a8350000, 0x00000000a8350000)
  from space 12160K, 100% used [0x00000000a8350000, 0x00000000a8f30000, 0x00000000a8f30000)
  to   space 12160K,   0% used [0x00000000a8f30000, 0x00000000a8f30000, 0x00000000a9b10000)
 tenured generation   total 243748K, used 199691K [0x00000000c1800000, 0x00000000d0609000, 0x0000000100000000)
   the space 243748K,  81% used [0x00000000c1800000, 0x00000000cdb02ef8, 0x00000000cdb03000, 0x00000000d0609000)
 Metaspace       used 54145K, capacity 55690K, committed 55936K, reserved 1097728K
  class space    used 7200K, capacity 7495K, committed 7552K, reserved 1048576K
Event: 3819.484 GC heap after
Heap after GC invocations=587 (full 6):
 def new generation   total 109760K, used 1512K [0x00000000a2400000, 0x00000000a9b10000, 0x00000000c1800000)
  eden space 97600K,   0% used [0x00000000a2400000, 0x00000000a2400000, 0x00000000a8350000)
  from space 12160K,  12% used [0x00000000a8f30000, 0x00000000a90aa1f0, 0x00000000a9b10000)
  to   space 12160K,   0% used [0x00000000a8350000, 0x00000000a8350000, 0x00000000a8f30000)
 tenured generation   total 243748K, used 211511K [0x00000000c1800000, 0x00000000d0609000, 0x0000000100000000)
   the space 243748K,  86% used [0x00000000c1800000, 0x00000000ce68ddd0, 0x00000000ce68de00, 0x00000000d0609000)
 Metaspace       used 54145K, capacity 55690K, committed 55936K, reserved 1097728K
  class space    used 7200K, capacity 7495K, committed 7552K, reserved 1048576K
}
Event: 3819.494 GC heap before
{Heap before GC invocations=587 (full 6):
 def new generation   total 109760K, used 97495K [0x00000000a2400000, 0x00000000a9b10000, 0x00000000c1800000)
  eden space 97600K,  98% used [0x00000000a2400000, 0x00000000a81bbbb0, 0x00000000a8350000)
  from space 12160K,  12% used [0x00000000a8f30000, 0x00000000a90aa1f0, 0x00000000a9b10000)
  to   space 12160K,   0% used [0x00000000a8350000, 0x00000000a8350000, 0x00000000a8f30000)
 tenured generation   total 243748K, used 211511K [0x00000000c1800000, 0x00000000d0609000, 0x0000000100000000)
   the space 243748K,  86% used [0x00000000c1800000, 0x00000000ce68ddd0, 0x00000000ce68de00, 0x00000000d0609000)
 Metaspace       used 54145K, capacity 55690K, committed 55936K, reserved 1097728K
  class space    used 7200K, capacity 7495K, committed 7552K, reserved 1048576K
Event: 3819.496 GC heap after
Heap after GC invocations=588 (full 6):
 def new generation   total 109760K, used 2325K [0x00000000a2400000, 0x00000000a9b10000, 0x00000000c1800000)
  eden space 97600K,   0% used [0x00000000a2400000, 0x00000000a2400000, 0x00000000a8350000)
  from space 12160K,  19% used [0x00000000a8350000, 0x00000000a8595488, 0x00000000a8f30000)
  to   space 12160K,   0% used [0x00000000a8f30000, 0x00000000a8f30000, 0x00000000a9b10000)
 tenured generation   total 243748K, used 211511K [0x00000000c1800000, 0x00000000d0609000, 0x0000000100000000)
   the space 243748K,  86% used [0x00000000c1800000, 0x00000000ce68ddd0, 0x00000000ce68de00, 0x00000000d0609000)
 Metaspace       used 54145K, capacity 55690K, committed 55936K, reserved 1097728K
  class space    used 7200K, capacity 7495K, committed 7552K, reserved 1048576K
}

